[debug] [2026-01-18T19:41:23.908Z] ----------------------------------------------------------------------
[debug] [2026-01-18T19:41:23.924Z] Command:       C:\Program Files\nodejs\node.exe C:\Users\My Tyson\AppData\Roaming\npm\node_modules\firebase-tools\lib\bin\firebase.js emulators:start
[debug] [2026-01-18T19:41:23.925Z] CLI Version:   15.1.0
[debug] [2026-01-18T19:41:23.926Z] Platform:      win32
[debug] [2026-01-18T19:41:23.926Z] Node Version:  v22.20.0
[debug] [2026-01-18T19:41:23.927Z] Time:          Sun Jan 18 2026 22:41:23 GMT+0300 (East Africa Time)
[debug] [2026-01-18T19:41:23.927Z] ----------------------------------------------------------------------
[debug] 
[debug] [2026-01-18T19:41:23.933Z] >>> [apiv2][query] GET https://firebase-public.firebaseio.com/cli.json [none]
[debug] [2026-01-18T19:41:29.904Z] > command requires scopes: ["email","openid","https://www.googleapis.com/auth/cloudplatformprojects.readonly","https://www.googleapis.com/auth/firebase","https://www.googleapis.com/auth/cloud-platform"]
[debug] [2026-01-18T19:41:29.905Z] > authorizing via signed-in user (fenetahmed30@gmail.com)
[info] i  emulators: Starting emulators: functions, extensions {"metadata":{"emulator":{"name":"hub"},"message":"Starting emulators: functions, extensions"}}
[debug] [2026-01-18T19:41:29.918Z] Checked if tokens are valid: false, expires at: 1768692463333
[debug] [2026-01-18T19:41:29.918Z] Checked if tokens are valid: false, expires at: 1768692463333
[debug] [2026-01-18T19:41:29.919Z] > refreshing access token with scopes: []
[debug] [2026-01-18T19:41:29.928Z] >>> [apiv2][query] POST https://www.googleapis.com/oauth2/v3/token [none]
[debug] [2026-01-18T19:41:29.929Z] >>> [apiv2][body] POST https://www.googleapis.com/oauth2/v3/token [omitted]
[debug] [2026-01-18T19:41:32.097Z] <<< [apiv2][status] POST https://www.googleapis.com/oauth2/v3/token 200
[debug] [2026-01-18T19:41:32.098Z] <<< [apiv2][body] POST https://www.googleapis.com/oauth2/v3/token [omitted]
[debug] [2026-01-18T19:41:32.117Z] >>> [apiv2][query] GET https://cloudresourcemanager.googleapis.com/v1/projects/backend-ea7ad [none]
[debug] [2026-01-18T19:41:33.156Z] <<< [apiv2][status] GET https://firebase-public.firebaseio.com/cli.json 200
[debug] [2026-01-18T19:41:33.157Z] <<< [apiv2][body] GET https://firebase-public.firebaseio.com/cli.json {"cloudBuildErrorAfter":1594252800000,"cloudBuildWarnAfter":1590019200000,"defaultNode10After":1594252800000,"minVersion":"3.0.5","node8DeploysDisabledAfter":1613390400000,"node8RuntimeDisabledAfter":1615809600000,"node8WarnAfter":1600128000000}
[debug] [2026-01-18T19:41:33.346Z] <<< [apiv2][status] GET https://cloudresourcemanager.googleapis.com/v1/projects/backend-ea7ad 200
[debug] [2026-01-18T19:41:33.347Z] <<< [apiv2][body] GET https://cloudresourcemanager.googleapis.com/v1/projects/backend-ea7ad {"projectNumber":"608737394872","projectId":"backend-ea7ad","lifecycleState":"ACTIVE","name":"Amazon-Backend","labels":{"firebase":"enabled","firebase-core":"disabled"},"createTime":"2025-12-19T08:54:56.954587Z"}
[debug] [2026-01-18T19:41:33.383Z] [logging] Logging Emulator only supports listening on one address (127.0.0.1). Not listening on ::1
[debug] [2026-01-18T19:41:33.383Z] assigned listening specs for emulators {"user":{"hub":[{"address":"127.0.0.1","family":"IPv4","port":4400},{"address":"::1","family":"IPv6","port":4400}],"ui":[{"address":"127.0.0.1","family":"IPv4","port":4000},{"address":"::1","family":"IPv6","port":4000}],"logging":[{"address":"127.0.0.1","family":"IPv4","port":4500}]},"metadata":{"message":"assigned listening specs for emulators"}}
[debug] [2026-01-18T19:41:33.402Z] Emulator locator file path: C:\Users\MYTYSO~1\AppData\Local\Temp\hub-backend-ea7ad.json
[debug] [2026-01-18T19:41:33.403Z] [hub] writing locator at C:\Users\MYTYSO~1\AppData\Local\Temp\hub-backend-ea7ad.json
[debug] [2026-01-18T19:41:33.428Z] [Extensions] Started Extensions emulator, this is a noop.
[debug] [2026-01-18T19:41:33.453Z] [functions] Functions Emulator only supports listening on one address (127.0.0.1). Not listening on ::1
[debug] [2026-01-18T19:41:33.453Z] [eventarc] Eventarc Emulator only supports listening on one address (127.0.0.1). Not listening on ::1
[debug] [2026-01-18T19:41:33.453Z] [tasks] Cloud Tasks Emulator only supports listening on one address (127.0.0.1). Not listening on ::1
[debug] [2026-01-18T19:41:33.453Z] late-assigned ports for functions and eventarc emulators {"user":{"hub":[{"address":"127.0.0.1","family":"IPv4","port":4400},{"address":"::1","family":"IPv6","port":4400}],"ui":[{"address":"127.0.0.1","family":"IPv4","port":4000},{"address":"::1","family":"IPv6","port":4000}],"logging":[{"address":"127.0.0.1","family":"IPv4","port":4500}],"functions":[{"address":"127.0.0.1","family":"IPv4","port":5001}],"eventarc":[{"address":"127.0.0.1","family":"IPv4","port":9299}],"tasks":[{"address":"127.0.0.1","family":"IPv4","port":9499}]},"metadata":{"message":"late-assigned ports for functions and eventarc emulators"}}
[warn] !  functions: The following emulators are not running, calls to these services from the Functions emulator will affect production: apphosting, auth, firestore, database, hosting, pubsub, storage, dataconnect {"metadata":{"emulator":{"name":"functions"},"message":"The following emulators are not running, calls to these services from the Functions emulator will affect production: \u001b[1mapphosting, auth, firestore, database, hosting, pubsub, storage, dataconnect\u001b[22m"}}
[debug] [2026-01-18T19:41:33.513Z] defaultcredentials: writing to file C:\Users\My Tyson\AppData\Roaming\firebase\fenetahmed30_gmail_com_application_default_credentials.json
[debug] [2026-01-18T19:41:33.520Z] Setting GAC to C:\Users\My Tyson\AppData\Roaming\firebase\fenetahmed30_gmail_com_application_default_credentials.json {"metadata":{"emulator":{"name":"functions"},"message":"Setting GAC to C:\\Users\\My Tyson\\AppData\\Roaming\\firebase\\fenetahmed30_gmail_com_application_default_credentials.json"}}
[debug] [2026-01-18T19:41:33.521Z] Checked if tokens are valid: true, expires at: 1768768891098
[debug] [2026-01-18T19:41:33.522Z] Checked if tokens are valid: true, expires at: 1768768891098
[debug] [2026-01-18T19:41:33.522Z] >>> [apiv2][query] GET https://firebase.googleapis.com/v1beta1/projects/backend-ea7ad/adminSdkConfig [none]
[debug] [2026-01-18T19:41:35.136Z] <<< [apiv2][status] GET https://firebase.googleapis.com/v1beta1/projects/backend-ea7ad/adminSdkConfig 200
[debug] [2026-01-18T19:41:35.136Z] <<< [apiv2][body] GET https://firebase.googleapis.com/v1beta1/projects/backend-ea7ad/adminSdkConfig {"projectId":"backend-ea7ad","storageBucket":"backend-ea7ad.firebasestorage.app"}
[debug] [2026-01-18T19:41:35.216Z] [Extensions] Connecting Extensions emulator, this is a noop.
[info] i  functions: Watching "C:\Users\My Tyson\Desktop\EVANGADI\PHASE_4\WEEK_22\Amazon-Clone-2025\Amazon-api\functions" for Cloud Functions... {"metadata":{"emulator":{"name":"functions"},"message":"Watching \"C:\\Users\\My Tyson\\Desktop\\EVANGADI\\PHASE_4\\WEEK_22\\Amazon-Clone-2025\\Amazon-api\\functions\" for Cloud Functions..."}}
[debug] [2026-01-18T19:41:35.269Z] Validating nodejs source
[warn] !  functions: package.json indicates an outdated version of firebase-functions. Please upgrade using npm install --save firebase-functions@latest in your functions directory. 
[debug] [2026-01-18T19:41:38.971Z] > [functions] package.json contents: {
  "name": "functions",
  "description": "Cloud Functions for Firebase",
  "scripts": {
    "serve": "firebase emulators:start --only functions",
    "shell": "firebase functions:shell",
    "start": "npm run shell",
    "deploy": "firebase deploy --only functions",
    "logs": "firebase functions:log"
  },
  "engines": {
    "node": "24"
  },
  "main": "index.js",
  "dependencies": {
    "cors": "^2.8.5",
    "firebase-admin": "^13.6.0",
    "firebase-functions": "^7.0.0"
  },
  "devDependencies": {
    "firebase-functions-test": "^3.4.1"
  },
  "private": true
}
[debug] [2026-01-18T19:41:38.971Z] Building nodejs source
[debug] [2026-01-18T19:41:38.972Z] Failed to find version of module node: reached end of search path C:\Users\My Tyson\Desktop\EVANGADI\PHASE_4\WEEK_22\Amazon-Clone-2025\Amazon-api\functions\node_modules
[warn] !  functions: Your requested "node" version "24" doesn't match your global version "22". Using node@22 from host. 
[info] i  functions: Loaded environment variables from .env. 
[debug] [2026-01-18T19:41:38.980Z] Could not find functions.yaml. Must use http discovery
[debug] [2026-01-18T19:41:39.012Z] Found firebase-functions binary at 'C:\Users\My Tyson\Desktop\EVANGADI\PHASE_4\WEEK_22\Amazon-Clone-2025\Amazon-api\functions\node_modules\.bin\firebase-functions'
[info] Serving at port 8689

[info] [dotenv@17.2.3] injecting env (1) from .env -- tip: ⚙️  load multiple .env files with { path: ['.env.local', '.env'] }

[debug] [2026-01-18T19:41:42.698Z] Got response from /__/functions.yaml {"endpoints":{"api":{"availableMemoryMb":null,"timeoutSeconds":null,"minInstances":null,"maxInstances":null,"ingressSettings":null,"concurrency":null,"serviceAccountEmail":null,"vpc":null,"platform":"gcfv2","labels":{},"httpsTrigger":{},"entryPoint":"api"}},"specVersion":"v1alpha1","requiredAPIs":[],"extensions":{}}
[debug] [2026-01-18T19:41:46.783Z] defaultcredentials: writing to file C:\Users\My Tyson\AppData\Roaming\firebase\fenetahmed30_gmail_com_application_default_credentials.json
[debug] [2026-01-18T19:41:46.785Z] Setting GAC to C:\Users\My Tyson\AppData\Roaming\firebase\fenetahmed30_gmail_com_application_default_credentials.json {"metadata":{"emulator":{"name":"functions"},"message":"Setting GAC to C:\\Users\\My Tyson\\AppData\\Roaming\\firebase\\fenetahmed30_gmail_com_application_default_credentials.json"}}
[info] +  functions: Loaded functions definitions from source: api. {"metadata":{"emulator":{"name":"functions"},"message":"Loaded functions definitions from source: api."}}
[info] +  functions[us-central1-api]: http function initialized (http://127.0.0.1:5001/backend-ea7ad/us-central1/api). {"metadata":{"emulator":{"name":"functions"},"message":"\u001b[1mhttp\u001b[22m function initialized (http://127.0.0.1:5001/backend-ea7ad/us-central1/api)."}}
[debug] [2026-01-18T19:41:46.807Z] Could not find VSCode notification endpoint: FetchError: request to http://localhost:40001/vscode/notify failed, reason: . If you are not running the Firebase Data Connect VSCode extension, this is expected and not an issue.
[info] 
┌─────────────────────────────────────────────────────────────┐
│ ✔  All emulators ready! It is now safe to connect your app. │
│ i  View Emulator UI at http://127.0.0.1:4000/               │
└─────────────────────────────────────────────────────────────┘

┌────────────┬────────────────┬──────────────────────────────────┐
│ Emulator   │ Host:Port      │ View in Emulator UI              │
├────────────┼────────────────┼──────────────────────────────────┤
│ Functions  │ 127.0.0.1:5001 │ http://127.0.0.1:4000/functions  │
├────────────┼────────────────┼──────────────────────────────────┤
│ Extensions │ 127.0.0.1:5001 │ http://127.0.0.1:4000/extensions │
└────────────┴────────────────┴──────────────────────────────────┘
  Emulator Hub host: 127.0.0.1 port: 4400
  Other reserved ports: 4500
┌─────────────────────────┬───────────────┬─────────────────────┐
│ Extension Instance Name │ Extension Ref │ View in Emulator UI │
└─────────────────────────┴───────────────┴─────────────────────┘
Issues? Report them at https://github.com/firebase/firebase-tools/issues and attach the *-debug.log files.
 
[debug] [2026-01-18T20:51:35.896Z] [work-queue] {"queuedWork":["/backend-ea7ad/us-central1/api/payment/create-2026-01-18T20:51:35.892Z"],"queueLength":1,"runningWork":[],"workRunningCount":0}
[debug] [2026-01-18T20:51:35.907Z] [work-queue] {"queuedWork":[],"queueLength":0,"runningWork":["/backend-ea7ad/us-central1/api/payment/create-2026-01-18T20:51:35.892Z"],"workRunningCount":1}
[debug] [2026-01-18T20:51:35.909Z] Accepted request POST /backend-ea7ad/us-central1/api/payment/create?total=71099 --> us-central1-api
[debug] [2026-01-18T20:51:35.960Z] [functions] Runtime ready! Sending request! {"metadata":{"emulator":{"name":"functions"},"message":"[functions] Runtime ready! Sending request!"}}
[debug] [2026-01-18T20:51:35.962Z] [functions] Got req.url=/backend-ea7ad/us-central1/api/payment/create?total=71099, mapping to path=/payment/create?total=71099 {"metadata":{"emulator":{"name":"functions"},"message":"[functions] Got req.url=/backend-ea7ad/us-central1/api/payment/create?total=71099, mapping to path=/payment/create?total=71099"}}
[info] i  functions: Loaded environment variables from .env. 
[debug] [2026-01-18T20:51:36.047Z] [worker-pool] addWorker(us-central1-api) {"metadata":{"emulator":{"name":"functions"},"message":"[worker-pool] addWorker(us-central1-api)"}}
[debug] [2026-01-18T20:51:36.051Z] [worker-pool] Adding worker with key us-central1-api, total=1 {"metadata":{"emulator":{"name":"functions"},"message":"[worker-pool] Adding worker with key us-central1-api, total=1"}}
[debug] [2026-01-18T20:51:39.087Z] [runtime-status] [11444] Resolved module firebase-admin {"declared":true,"installed":true,"version":"13.6.0","resolution":"C:\\Users\\My Tyson\\Desktop\\EVANGADI\\PHASE_4\\WEEK_22\\Amazon-Clone-2025\\Amazon-api\\functions\\node_modules\\firebase-admin\\lib\\index.js"} {"metadata":{"emulator":{"name":"functions"},"function":{"name":"us-central1-api"},"extension":{},"message":"[runtime-status] [11444] Resolved module firebase-admin {\"declared\":true,\"installed\":true,\"version\":\"13.6.0\",\"resolution\":\"C:\\\\Users\\\\My Tyson\\\\Desktop\\\\EVANGADI\\\\PHASE_4\\\\WEEK_22\\\\Amazon-Clone-2025\\\\Amazon-api\\\\functions\\\\node_modules\\\\firebase-admin\\\\lib\\\\index.js\"}"}}
[debug] [2026-01-18T20:51:39.091Z] [runtime-status] [11444] Resolved module firebase-functions {"declared":true,"installed":true,"version":"7.0.2","resolution":"C:\\Users\\My Tyson\\Desktop\\EVANGADI\\PHASE_4\\WEEK_22\\Amazon-Clone-2025\\Amazon-api\\functions\\node_modules\\firebase-functions\\lib\\v2\\index.js"} {"metadata":{"emulator":{"name":"functions"},"function":{"name":"us-central1-api"},"extension":{},"message":"[runtime-status] [11444] Resolved module firebase-functions {\"declared\":true,\"installed\":true,\"version\":\"7.0.2\",\"resolution\":\"C:\\\\Users\\\\My Tyson\\\\Desktop\\\\EVANGADI\\\\PHASE_4\\\\WEEK_22\\\\Amazon-Clone-2025\\\\Amazon-api\\\\functions\\\\node_modules\\\\firebase-functions\\\\lib\\\\v2\\\\index.js\"}"}}
[debug] [2026-01-18T20:51:39.092Z] [runtime-status] [11444] Outgoing network have been stubbed. [{"name":"http","status":"mocked"},{"name":"http","status":"mocked"},{"name":"https","status":"mocked"},{"name":"https","status":"mocked"},{"name":"net","status":"mocked"}] {"metadata":{"emulator":{"name":"functions"},"function":{"name":"us-central1-api"},"extension":{},"message":"[runtime-status] [11444] Outgoing network have been stubbed. [{\"name\":\"http\",\"status\":\"mocked\"},{\"name\":\"http\",\"status\":\"mocked\"},{\"name\":\"https\",\"status\":\"mocked\"},{\"name\":\"https\",\"status\":\"mocked\"},{\"name\":\"net\",\"status\":\"mocked\"}]"}}
[debug] [2026-01-18T20:51:39.094Z] [runtime-status] [11444] Resolved module firebase-functions {"declared":true,"installed":true,"version":"7.0.2","resolution":"C:\\Users\\My Tyson\\Desktop\\EVANGADI\\PHASE_4\\WEEK_22\\Amazon-Clone-2025\\Amazon-api\\functions\\node_modules\\firebase-functions\\lib\\v2\\index.js"} {"metadata":{"emulator":{"name":"functions"},"function":{"name":"us-central1-api"},"extension":{},"message":"[runtime-status] [11444] Resolved module firebase-functions {\"declared\":true,\"installed\":true,\"version\":\"7.0.2\",\"resolution\":\"C:\\\\Users\\\\My Tyson\\\\Desktop\\\\EVANGADI\\\\PHASE_4\\\\WEEK_22\\\\Amazon-Clone-2025\\\\Amazon-api\\\\functions\\\\node_modules\\\\firebase-functions\\\\lib\\\\v2\\\\index.js\"}"}}
[debug] [2026-01-18T20:51:39.094Z] [runtime-status] [11444] Detected firebase-functions v7+, skipping legacy stubs. {"metadata":{"emulator":{"name":"functions"},"function":{"name":"us-central1-api"},"extension":{},"message":"[runtime-status] [11444] Detected firebase-functions v7+, skipping legacy stubs."}}
[debug] [2026-01-18T20:51:39.095Z] [runtime-status] [11444] Resolved module firebase-admin {"declared":true,"installed":true,"version":"13.6.0","resolution":"C:\\Users\\My Tyson\\Desktop\\EVANGADI\\PHASE_4\\WEEK_22\\Amazon-Clone-2025\\Amazon-api\\functions\\node_modules\\firebase-admin\\lib\\index.js"} {"metadata":{"emulator":{"name":"functions"},"function":{"name":"us-central1-api"},"extension":{},"message":"[runtime-status] [11444] Resolved module firebase-admin {\"declared\":true,\"installed\":true,\"version\":\"13.6.0\",\"resolution\":\"C:\\\\Users\\\\My Tyson\\\\Desktop\\\\EVANGADI\\\\PHASE_4\\\\WEEK_22\\\\Amazon-Clone-2025\\\\Amazon-api\\\\functions\\\\node_modules\\\\firebase-admin\\\\lib\\\\index.js\"}"}}
[debug] [2026-01-18T20:51:39.295Z] [runtime-status] [11444] Resolved module firebase-functions {"declared":true,"installed":true,"version":"7.0.2","resolution":"C:\\Users\\My Tyson\\Desktop\\EVANGADI\\PHASE_4\\WEEK_22\\Amazon-Clone-2025\\Amazon-api\\functions\\node_modules\\firebase-functions\\lib\\v2\\index.js"} {"metadata":{"emulator":{"name":"functions"},"function":{"name":"us-central1-api"},"extension":{},"message":"[runtime-status] [11444] Resolved module firebase-functions {\"declared\":true,\"installed\":true,\"version\":\"7.0.2\",\"resolution\":\"C:\\\\Users\\\\My Tyson\\\\Desktop\\\\EVANGADI\\\\PHASE_4\\\\WEEK_22\\\\Amazon-Clone-2025\\\\Amazon-api\\\\functions\\\\node_modules\\\\firebase-functions\\\\lib\\\\v2\\\\index.js\"}"}}
[debug] [2026-01-18T20:51:40.042Z] [runtime-status] [11444] firebase-admin has been stubbed. {"adminResolution":{"declared":true,"installed":true,"version":"13.6.0","resolution":"C:\\Users\\My Tyson\\Desktop\\EVANGADI\\PHASE_4\\WEEK_22\\Amazon-Clone-2025\\Amazon-api\\functions\\node_modules\\firebase-admin\\lib\\index.js"}} {"metadata":{"emulator":{"name":"functions"},"function":{"name":"us-central1-api"},"extension":{},"message":"[runtime-status] [11444] firebase-admin has been stubbed. {\"adminResolution\":{\"declared\":true,\"installed\":true,\"version\":\"13.6.0\",\"resolution\":\"C:\\\\Users\\\\My Tyson\\\\Desktop\\\\EVANGADI\\\\PHASE_4\\\\WEEK_22\\\\Amazon-Clone-2025\\\\Amazon-api\\\\functions\\\\node_modules\\\\firebase-admin\\\\lib\\\\index.js\"}}"}}
[info] >  [dotenv@17.2.3] injecting env (0) from .env -- tip: ✅ audit secrets and track compliance: https://dotenvx.com/ops {"user":"[dotenv@17.2.3] injecting env (0) from .env -- tip: ✅ audit secrets and track compliance: https://dotenvx.com/ops","metadata":{"emulator":{"name":"functions"},"function":{"name":"us-central1-api"},"extension":{},"message":"\u001b[90m> \u001b[39m [dotenv@17.2.3] injecting env (0) from .env -- tip: ✅ audit secrets and track compliance: https://dotenvx.com/ops"}}
[debug] [2026-01-18T20:51:40.608Z] [runtime-status] [11444] Functions runtime initialized. {"cwd":"C:\\Users\\My Tyson\\Desktop\\EVANGADI\\PHASE_4\\WEEK_22\\Amazon-Clone-2025\\Amazon-api\\functions","node_version":"22.20.0"} {"metadata":{"emulator":{"name":"functions"},"function":{"name":"us-central1-api"},"extension":{},"message":"[runtime-status] [11444] Functions runtime initialized. {\"cwd\":\"C:\\\\Users\\\\My Tyson\\\\Desktop\\\\EVANGADI\\\\PHASE_4\\\\WEEK_22\\\\Amazon-Clone-2025\\\\Amazon-api\\\\functions\",\"node_version\":\"22.20.0\"}"}}
[debug] [2026-01-18T20:51:40.609Z] [runtime-status] [11444] Listening to port: \\?\pipe\fire_emu_6d615832f55f3d5e {"metadata":{"emulator":{"name":"functions"},"function":{"name":"us-central1-api"},"extension":{},"message":"[runtime-status] [11444] Listening to port: \\\\?\\pipe\\fire_emu_6d615832f55f3d5e"}}
[debug] [2026-01-18T20:51:40.650Z] [worker-us-central1-api-b52a5669-0959-441f-849e-c0ed4115a25c]: IDLE {"metadata":{"emulator":{"name":"functions"},"function":{"name":"us-central1-api"},"extension":{},"message":"[worker-us-central1-api-b52a5669-0959-441f-849e-c0ed4115a25c]: IDLE"}}
[debug] [2026-01-18T20:51:40.650Z] [worker-pool] submitRequest(triggerId=us-central1-api) {"metadata":{"emulator":{"name":"functions"},"message":"[worker-pool] submitRequest(triggerId=us-central1-api)"}}
[info] i  functions: Beginning execution of "us-central1-api" {"metadata":{"emulator":{"name":"functions"},"function":{"name":"us-central1-api"},"extension":{},"message":"Beginning execution of \"us-central1-api\""}}
[debug] [2026-01-18T20:51:40.655Z] [worker-us-central1-api-b52a5669-0959-441f-849e-c0ed4115a25c]: BUSY {"metadata":{"emulator":{"name":"functions"},"function":{"name":"us-central1-api"},"extension":{},"message":"[worker-us-central1-api-b52a5669-0959-441f-849e-c0ed4115a25c]: BUSY"}}
[info] >  Payment Request Received for amount: 71099 {"user":"Payment Request Received for amount: 71099","metadata":{"emulator":{"name":"functions"},"function":{"name":"us-central1-api"},"extension":{},"message":"\u001b[90m> \u001b[39m Payment Request Received for amount: 71099"}}
[info] >  PaymentIntent Created Successfully: pi_3Sr2wnFkdgfjwGpF161nnl6J {"user":"PaymentIntent Created Successfully: pi_3Sr2wnFkdgfjwGpF161nnl6J","metadata":{"emulator":{"name":"functions"},"function":{"name":"us-central1-api"},"extension":{},"message":"\u001b[90m> \u001b[39m PaymentIntent Created Successfully: pi_3Sr2wnFkdgfjwGpF161nnl6J"}}
[debug] [2026-01-18T20:51:42.544Z] Finishing up request with event=pause {"metadata":{"emulator":{"name":"functions"},"function":{"name":"us-central1-api"},"extension":{},"message":"Finishing up request with event=pause"}}
[info] i  functions: Finished "us-central1-api" in 1890.1206ms {"metadata":{"emulator":{"name":"functions"},"function":{"name":"us-central1-api"},"extension":{},"message":"Finished \"us-central1-api\" in 1890.1206ms"}}
[debug] [2026-01-18T20:51:42.547Z] [worker-us-central1-api-b52a5669-0959-441f-849e-c0ed4115a25c]: IDLE {"metadata":{"emulator":{"name":"functions"},"function":{"name":"us-central1-api"},"extension":{},"message":"[worker-us-central1-api-b52a5669-0959-441f-849e-c0ed4115a25c]: IDLE"}}
[debug] [2026-01-18T20:51:42.548Z] Finishing up request with event=finish {"metadata":{"emulator":{"name":"functions"},"function":{"name":"us-central1-api"},"extension":{},"message":"Finishing up request with event=finish"}}
[debug] [2026-01-18T20:51:42.548Z] Finishing up request with event=close {"metadata":{"emulator":{"name":"functions"},"function":{"name":"us-central1-api"},"extension":{},"message":"Finishing up request with event=close"}}
[debug] [2026-01-18T20:51:42.549Z] [work-queue] {"queuedWork":[],"queueLength":0,"runningWork":[],"workRunningCount":0}
[debug] [2026-01-18T22:37:15.859Z] Received signal SIGHUP 1
